<?xml version="1.0" encoding="UTF-8"?>
<!-- Generated by org.testng.reporters.JUnitReportReporter -->
<testsuite hostname="Abhijith" failures="0" tests="1" name="parameter.JenkinsParameterTest" time="0.003" errors="0" timestamp="2024-05-16T16:22:22 IST" skipped="0">
  <testcase classname="parameter.JenkinsParameterTest" name="recieveDataFromJenkins" time="0.003"/>
  <system-out/>
</testsuite> <!-- parameter.JenkinsParameterTest -->
